{
  "RSpec": {
    "coverage": {
      "/Users/brennastuart/Documents/turing/2-and-3-mods/3-mod/projects/sweater-weather/config/environment.rb": {
        "lines": [
          null,
          1,
          null,
          null,
          1
        ]
      },
      "/Users/brennastuart/Documents/turing/2-and-3-mods/3-mod/projects/sweater-weather/config/application.rb": {
        "lines": [
          1,
          null,
          1,
          null,
          1,
          1,
          1,
          1,
          1,
          1,
          1,
          1,
          1,
          1,
          null,
          null,
          null,
          null,
          1,
          null,
          1,
          1,
          null,
          1,
          null,
          null,
          null,
          null,
          null,
          null,
          null,
          null,
          null,
          null,
          null,
          null,
          1,
          null,
          null
        ]
      },
      "/Users/brennastuart/Documents/turing/2-and-3-mods/3-mod/projects/sweater-weather/config/boot.rb": {
        "lines": [
          1,
          null,
          1,
          1
        ]
      },
      "/Users/brennastuart/Documents/turing/2-and-3-mods/3-mod/projects/sweater-weather/config/environments/test.rb": {
        "lines": [
          1,
          null,
          null,
          null,
          null,
          null,
          null,
          1,
          null,
          null,
          null,
          1,
          null,
          null,
          null,
          null,
          1,
          null,
          null,
          1,
          1,
          null,
          null,
          null,
          null,
          1,
          1,
          1,
          null,
          null,
          1,
          null,
          null,
          1,
          null,
          null,
          1,
          null,
          1,
          null,
          null,
          null,
          null,
          1,
          null,
          null,
          1,
          null,
          null,
          1,
          null,
          null,
          1,
          null,
          null,
          null,
          null,
          null,
          null,
          null
        ]
      },
      "/Users/brennastuart/Documents/turing/2-and-3-mods/3-mod/projects/sweater-weather/config/initializers/cors.rb": {
        "lines": [
          null,
          null,
          null,
          null,
          null,
          null,
          null,
          null,
          null,
          null,
          null,
          null,
          null,
          null,
          null,
          null
        ]
      },
      "/Users/brennastuart/Documents/turing/2-and-3-mods/3-mod/projects/sweater-weather/config/initializers/filter_parameter_logging.rb": {
        "lines": [
          null,
          null,
          null,
          null,
          null,
          1,
          null,
          null
        ]
      },
      "/Users/brennastuart/Documents/turing/2-and-3-mods/3-mod/projects/sweater-weather/config/initializers/inflections.rb": {
        "lines": [
          null,
          null,
          null,
          null,
          null,
          null,
          null,
          null,
          null,
          null,
          null,
          null,
          null,
          null,
          null,
          null
        ]
      },
      "/Users/brennastuart/Documents/turing/2-and-3-mods/3-mod/projects/sweater-weather/spec/factories/users.rb": {
        "lines": [
          1,
          1,
          1,
          1,
          1,
          null,
          null
        ]
      },
      "/Users/brennastuart/Documents/turing/2-and-3-mods/3-mod/projects/sweater-weather/config/routes.rb": {
        "lines": [
          1,
          1,
          1,
          1,
          1,
          1,
          1,
          1,
          null,
          null,
          null
        ]
      },
      "/Users/brennastuart/Documents/turing/2-and-3-mods/3-mod/projects/sweater-weather/app/facades/road_trip_facade.rb": {
        "lines": [
          1,
          1,
          1,
          null,
          null
        ]
      },
      "/Users/brennastuart/Documents/turing/2-and-3-mods/3-mod/projects/sweater-weather/app/services/map_quest_service.rb": {
        "lines": [
          1,
          1,
          0,
          0,
          0,
          null,
          0,
          null,
          null,
          1,
          1,
          1,
          1,
          1,
          null,
          1,
          null,
          null,
          1,
          1,
          1,
          null,
          null
        ]
      },
      "/Users/brennastuart/Documents/turing/2-and-3-mods/3-mod/projects/sweater-weather/app/services/base_service.rb": {
        "lines": [
          1,
          1,
          1,
          1,
          null,
          null,
          1,
          1,
          1,
          1,
          1,
          null,
          null,
          null
        ]
      }
    },
    "timestamp": 1664317080
  }
}
